2025-09-27 08:18:38.376 [info] [main] Log level: Info
2025-09-27 08:18:38.376 [info] [main] Validating found git in: "git"
2025-09-27 08:18:38.376 [info] [main] Using git "2.51.0" from "git"
2025-09-27 08:18:38.376 [info] [Model][doInitialScan] Initial repository scan started
2025-09-27 08:18:38.376 [info] > git rev-parse --show-toplevel [10ms]
2025-09-27 08:18:38.376 [info] fatal: not a git repository (or any of the parent directories): .git
2025-09-27 08:18:38.376 [info] [Model][doInitialScan] Initial repository scan completed - repositories (0), closed repositories (0), parent repositories (0), unsafe repositories (0)
2025-09-27 08:18:51.000 [info] > git rev-parse --show-toplevel [1ms]
2025-09-27 08:18:51.000 [info] fatal: not a git repository (or any of the parent directories): .git
2025-09-27 08:18:55.796 [info] > git rev-parse --show-toplevel [1ms]
2025-09-27 08:18:55.796 [info] fatal: not a git repository (or any of the parent directories): .git
2025-09-27 08:20:16.253 [info] > git rev-parse --show-toplevel [2ms]
2025-09-27 08:20:16.253 [info] fatal: not a git repository (or any of the parent directories): .git
2025-09-27 08:22:11.214 [info] > git rev-parse --show-toplevel [1ms]
2025-09-27 08:22:11.214 [info] fatal: not a git repository (or any of the parent directories): .git
2025-09-27 08:25:48.960 [info] > git rev-parse --show-toplevel [1ms]
2025-09-27 08:25:48.960 [info] fatal: not a git repository (or any of the parent directories): .git
2025-09-27 08:27:15.662 [info] > git rev-parse --show-toplevel [2ms]
2025-09-27 08:27:15.662 [info] fatal: not a git repository (or any of the parent directories): .git
2025-09-27 08:28:18.444 [info] > git rev-parse --show-toplevel [1ms]
2025-09-27 08:28:18.444 [info] fatal: not a git repository (or any of the parent directories): .git
2025-09-27 08:28:20.795 [info] > git rev-parse --show-toplevel [3ms]
2025-09-27 08:28:20.795 [info] fatal: not a git repository (or any of the parent directories): .git
