2025-10-02 03:55:51.713 [info] Extension host with pid 3032 started
2025-10-02 03:55:51.713 [info] Skipping acquiring lock for /home/nekotama/.config/Code - OSS/User/workspaceStorage/4dbbaceef9b885aba52040f7451a6c78.
2025-10-02 03:55:51.806 [info] ExtensionService#_doActivateExtension vscode.git-base, startup: true, activationEvent: '*'
2025-10-02 03:55:51.851 [info] ExtensionService#_doActivateExtension vscode.github, startup: true, activationEvent: '*'
2025-10-02 03:55:51.963 [info] Eager extensions activated
2025-10-02 03:55:51.965 [info] ExtensionService#_doActivateExtension vscode.debug-auto-launch, startup: false, activationEvent: 'onStartupFinished'
2025-10-02 03:55:51.970 [info] ExtensionService#_doActivateExtension vscode.merge-conflict, startup: false, activationEvent: 'onStartupFinished'
2025-10-02 03:55:53.986 [info] ExtensionService#_doActivateExtension vscode.git, startup: false, activationEvent: 'api', root cause: vscode.github
2025-10-02 03:55:56.435 [info] ExtensionService#_doActivateExtension vscode.emmet, startup: false, activationEvent: 'onLanguage'
2025-10-02 04:13:03.004 [info] Extension host terminating: renderer closed the MessagePort
2025-10-02 04:13:03.013 [info] Extension host with pid 3032 exiting with code 0
2025-10-02 04:13:05.315 [info] Extension host with pid 5170 started
2025-10-02 04:13:05.315 [info] Skipping acquiring lock for /home/nekotama/.config/Code - OSS/User/workspaceStorage/88b3d64bdab1fe222287f6356839bbc6.
2025-10-02 04:13:05.354 [info] ExtensionService#_doActivateExtension vscode.emmet, startup: false, activationEvent: 'onLanguage'
2025-10-02 04:13:05.403 [info] ExtensionService#_doActivateExtension vscode.css-language-features, startup: false, activationEvent: 'onLanguage:css'
2025-10-02 04:13:06.143 [info] ExtensionService#_doActivateExtension vscode.git-base, startup: true, activationEvent: '*', root cause: vscode.git
2025-10-02 04:13:06.207 [info] ExtensionService#_doActivateExtension vscode.git, startup: true, activationEvent: '*'
2025-10-02 04:13:06.310 [info] ExtensionService#_doActivateExtension vscode.github, startup: true, activationEvent: '*'
2025-10-02 04:13:06.497 [info] Eager extensions activated
2025-10-02 04:13:06.499 [info] ExtensionService#_doActivateExtension vscode.debug-auto-launch, startup: false, activationEvent: 'onStartupFinished'
2025-10-02 04:13:06.502 [info] ExtensionService#_doActivateExtension vscode.merge-conflict, startup: false, activationEvent: 'onStartupFinished'
2025-10-02 04:13:27.484 [info] ExtensionService#_doActivateExtension vscode.configuration-editing, startup: false, activationEvent: 'onLanguage:json'
2025-10-02 04:13:27.502 [info] ExtensionService#_doActivateExtension vscode.extension-editing, startup: false, activationEvent: 'onLanguage:json'
2025-10-02 04:13:27.534 [info] ExtensionService#_doActivateExtension vscode.json-language-features, startup: false, activationEvent: 'onLanguage:json'
2025-10-02 04:13:27.654 [info] ExtensionService#_doActivateExtension vscode.npm, startup: false, activationEvent: 'onLanguage:json'
