2025-10-03 17:50:26.673 [info] Reading sessions from keychain...
2025-10-03 17:50:26.673 [info] Getting sessions for all scopes...
2025-10-03 17:50:26.673 [info] Got 0 sessions for ...
2025-10-03 17:50:26.673 [info] Getting sessions for all scopes...
2025-10-03 17:50:26.673 [info] Got 0 sessions for ...
2025-10-03 17:50:26.673 [info] Getting sessions for all scopes...
2025-10-03 17:50:26.673 [info] Got 0 sessions for ...
2025-10-03 17:50:26.673 [info] Getting sessions for all scopes...
2025-10-03 17:50:26.673 [info] Got 0 sessions for ...
2025-10-03 17:50:26.673 [info] Getting sessions for all scopes...
2025-10-03 17:50:26.673 [info] Got 0 sessions for ...
2025-10-03 17:50:26.675 [info] Getting sessions for read:user,repo,user:email,workflow...
2025-10-03 17:50:26.675 [info] Got 0 sessions for read:user,repo,user:email,workflow...
2025-10-03 17:50:31.014 [info] Logging in with 'any' account...
2025-10-03 17:50:31.014 [info] Logging in for the following scopes: read:user repo user:email workflow
2025-10-03 17:50:31.069 [info] Trying device code flow... (read:user repo user:email workflow)
2025-10-03 17:50:31.608 [info] fetching: Electron fetch succeeded (JSON)
2025-10-03 17:51:27.934 [info] Getting user info...
2025-10-03 17:51:28.352 [info] Got account info!
2025-10-03 17:51:28.353 [info] Storing 1 sessions...
2025-10-03 17:52:14.709 [info] Reading sessions from keychain...
2025-10-03 17:52:14.710 [info] Stored 1 sessions!
2025-10-03 17:52:14.710 [info] Login success!
2025-10-03 17:52:14.722 [info] Got stored sessions!
2025-10-03 17:52:14.723 [info] Got 1 verified sessions.
