2025-10-02 03:55:54.170 [info] [main] Log level: Info
2025-10-02 03:55:54.170 [info] [main] Validating found git in: "git"
2025-10-02 03:55:54.170 [info] [main] Using git "2.51.0" from "git"
2025-10-02 03:55:54.170 [info] [Model][doInitialScan] Initial repository scan started
2025-10-02 03:55:54.170 [info] > git rev-parse --show-toplevel [8ms]
2025-10-02 03:55:54.170 [info] fatal: not a git repository (or any of the parent directories): .git
2025-10-02 03:55:54.170 [info] > git rev-parse --show-toplevel [1ms]
2025-10-02 03:55:54.170 [info] fatal: not a git repository (or any of the parent directories): .git
2025-10-02 03:55:54.176 [info] > git rev-parse --show-toplevel [2ms]
2025-10-02 03:55:54.176 [info] fatal: not a git repository (or any of the parent directories): .git
2025-10-02 03:55:54.177 [info] [Model][doInitialScan] Initial repository scan completed - repositories (0), closed repositories (0), parent repositories (0), unsafe repositories (0)
2025-10-02 03:55:56.321 [info] > git rev-parse --show-toplevel [2ms]
2025-10-02 03:55:56.321 [info] fatal: not a git repository (or any of the parent directories): .git
2025-10-02 03:55:57.161 [info] > git rev-parse --show-toplevel [2ms]
2025-10-02 03:55:57.161 [info] fatal: not a git repository (or any of the parent directories): .git
2025-10-02 04:13:06.433 [info] [main] Log level: Info
2025-10-02 04:13:06.433 [info] [main] Validating found git in: "git"
2025-10-02 04:13:06.433 [info] [main] Using git "2.51.0" from "git"
2025-10-02 04:13:06.433 [info] [Model][doInitialScan] Initial repository scan started
2025-10-02 04:13:06.433 [info] > git rev-parse --show-toplevel [18ms]
2025-10-02 04:13:06.433 [info] fatal: not a git repository (or any of the parent directories): .git
2025-10-02 04:13:06.441 [info] > git rev-parse --show-toplevel [3ms]
2025-10-02 04:13:06.441 [info] fatal: not a git repository (or any of the parent directories): .git
2025-10-02 04:13:06.442 [info] [Model][doInitialScan] Initial repository scan completed - repositories (0), closed repositories (0), parent repositories (0), unsafe repositories (0)
2025-10-02 04:13:06.772 [info] > git rev-parse --show-toplevel [2ms]
2025-10-02 04:13:06.772 [info] fatal: not a git repository (or any of the parent directories): .git
2025-10-02 04:13:27.437 [info] > git rev-parse --show-toplevel [2ms]
2025-10-02 04:13:27.437 [info] fatal: not a git repository (or any of the parent directories): .git
