[10776][1758000329572][main][info]["Booting Postman 11.63.0, linux-6.16.0-arch2-1 on x64"]
[10776][1758000329575][main][info]["EventBus~initialize - Success"]
[10776][1758000329579][main][info]["Proxy configuration has not been setup"]
[10776][1758000329580][main][info]["CloudProxyManager~init - Success"]
[10776][1758000329637][main][info]["performShellDataMigration: Starting shell data migration"]
[10776][1758000329637][main][info]["migrateShellData:Starting"]
[10776][1758000329642][main][info]["migrateShellData: Old storage cleaned up"]
[10776][1758000329838][main][info]["migrateShellData: Got data from shell. Writing to storage"]
[10776][1758000329845][main][info]["performShellDataMigration: Migration successful on try count 1"]
[10776][1758000329852][main][info]["UpdateHandler~init - Success"]
[10776][1758000329855][main][info]["LeaderSelection: Initialized successfully"]
[10776][1758000329879][main][info]["GPU detected VID 32902 DID 22807 ACTIVE true"]
[10776][1758000329912][main][info]["main.js: Agent started"]
[10776][1758000329912][main][info]["shellController~init: Success"]
[10776][1758000329913][main][info]["shellMeta~init: Success"]
[10776][1758000329913][main][info]["partitionMigrationService: State of V7 partition:"]
[10776][1758000329913][main][info]["partitionMigrationService: V7 partitions",[]]
[10776][1758000329913][main][info]["partitionMigrationService~rectifyNamespaceOfScratchPadPartition: There is no partition with scratchpad namespace"]
[10776][1758000329913][main][info]["partitionMigrationService~rectifyNamespaceOfScratchPadPartition: There is no transit partition which could have been used for scratchpad"]
[10776][1758000329914][main][info]["partitionMigrationService~init: Success"]
[10776][1758000329914][main][info]["partitionMigrationService~runV8PartitionsIntegrity: Two way migration~ removing the following partitions from v8",[]]
[10776][1758000329914][main][info]["userPartitionService~_rectifyTheActivePartitionOfApplication: Setting the active partition to ",null]
[10776][1758000329922][main][info]["LinuxAutoUpdater~Cleanup - Initial cleanup successful"]
[10776][1758000329926][main][info]["newAccountRegionPreferenceService~getPreferenceWithFallback - Preference not found in storage."]
[10776][1758000329927][main][info]["newAccountRegionPreferenceService~getToggleMenuTemplate - Using preference:","useUSRegion"]
[10776][1758000329941][main][info]["userPartitionService~init: Success"]
[10776][1758000329963][main][info]["userPartitionService: State of v8 partition system:"]
[10776][1758000329964][main][info]["shell~init~getPartitionToLoad: loading scratchpad partition"]
[10776][1758000329964][main][info]["userPartitionService: List of partitions:",[]]
[10776][1758000329964][main][info]["userPartitionService: users global meta:",{}]
[10776][1758000329985][main][info]["Main:windowManager~newRequesterWindow: Fetch and update runtime config: undefined"]
[10776][1758000332902][main][info]["RuntimeIPCAgent~started: Success"]
[10776][1758000332919][main][info]["Main~scratchpadThemeAction:: action: set, value: light"]
[10776][1758000332922][main][info]["Main~scratchpadThemeAction:: action: set, value: light"]
[10776][1758000332933][main][info]["Main~scratchpadThemeAction:: action: set, value: light"]
[10776][1758000332941][main][info]["UpdateHandler~app-update-events - Received event",{"name":"checkForElectronVersionUpdated","namespace":"appUpdate"}]
[10776][1758000332949][main][info]["windowManager: First requester booted successfully."]
[10776][1758000332949][main][info]["windowManager~restoreWindows: Restoring requester windows"]
[10776][1758000332950][main][info]["WebVersionService: Initialized successfully with version: undefined"]
[10776][1758000332950][main][info]["Main~AppEvents - Received booted event for process requester.Version undefined UI Version: undefined Desktop Platform Version: 11.63.0"]
[10776][1758000336294][main][info]["Main - model-events~user - (users, add) received"]
[10776][1758000336324][main][info]["WebVersionService: Resetting UI version as user logged out/switched account"]
[10776][1758000336324][main][info]["WebVersionService: Resetting web app version"]
[10776][1758000336584][main][info]["AuthHandler~open: Received dom-ready event."]
[10776][1758000336587][main][info]["AuthHandler~open: Received did-finish-load event."]
[10776][1758000336715][main][warn]["AuthHandler~open: Current app is not default protocol client - Falling back to polling mechanism."]
[10776][1758000336717][main][info]["newAccountRegionPreferenceService~getPreferenceWithFallback - Preference not found in storage."]
[10776][1758000336717][main][info]["newAccountRegionPreferenceService~getRegionPreference - Using preference:","useUSRegion"]
[10776][1758000336717][main][info]["AuthHandler~open: new Account region preference:","us"]
[10776][1758000336717][main][info]["AuthHandler~open: get multiLoginToken token."]
[10776][1758000336718][main][info]["AuthHandler~open: Publishing initialize event to auth-window channel."]
[10776][1758000423378][main][info]["userPartitionService: State of v8 partition system:"]
[10776][1758000423380][main][info]["shell~init~getPartitionToLoad: loading scratchpad partition"]
[10776][1758000423381][main][info]["userPartitionService: List of partitions:",[{"partitionId":"8d9a1e5c-4241-49dc-b7e8-036a07174b34","namespace":"scratchPad","userId":0,"teamId":0,"isDirty":false}]]
[10776][1758000423383][main][info]["userPartitionService: users global meta:",{}]
[10776][1758000423384][main][info]["Main:windowManager~newRequesterWindow: Fetch and update runtime config: undefined"]
[10776][1758000425309][main][info]["Main~scratchpadThemeAction:: action: set, value: light"]
[10776][1758000425313][main][info]["Main~scratchpadThemeAction:: action: set, value: light"]
[10776][1758000425316][main][info]["Main~scratchpadThemeAction:: action: set, value: light"]
[10776][1758000425330][main][info]["UpdateHandler~app-update-events - Received event",{"name":"checkForElectronVersionUpdated","namespace":"appUpdate"}]
[10776][1758000425335][main][info]["windowManager: First requester booted successfully."]
[10776][1758000425335][main][info]["windowManager~restoreWindows: Restoring requester windows"]
[10776][1758000425336][main][info]["WebVersionService: Initialized successfully with version: undefined"]
[10776][1758000425336][main][info]["Main~AppEvents - Received booted event for process requester.Version undefined UI Version: undefined Desktop Platform Version: 11.63.0"]
[10776][1758000426531][main][info]["WindowManager~closeHandler - Closed Window (id: 4 )"]
[10776][1758000426580][main][info]["Quitting app"]
