2025-10-03 17:03:10.204 [info] [main] Log level: Info
2025-10-03 17:03:10.204 [info] [main] Validating found git in: "git"
2025-10-03 17:03:10.204 [info] [main] Using git "2.51.0" from "git"
2025-10-03 17:03:10.204 [info] [Model][doInitialScan] Initial repository scan started
2025-10-03 17:03:10.204 [info] > git rev-parse --show-toplevel [27ms]
2025-10-03 17:03:10.204 [info] fatal: not a git repository (or any of the parent directories): .git
2025-10-03 17:03:10.204 [info] > git rev-parse --show-toplevel [3ms]
2025-10-03 17:03:10.204 [info] fatal: not a git repository (or any of the parent directories): .git
2025-10-03 17:03:10.204 [info] > git rev-parse --show-toplevel [2ms]
2025-10-03 17:03:10.204 [info] fatal: not a git repository (or any of the parent directories): .git
2025-10-03 17:03:10.204 [info] > git rev-parse --show-toplevel [2ms]
2025-10-03 17:03:10.204 [info] fatal: not a git repository (or any of the parent directories): .git
2025-10-03 17:03:10.204 [info] [Model][doInitialScan] Initial repository scan completed - repositories (0), closed repositories (0), parent repositories (0), unsafe repositories (0)
2025-10-03 17:03:10.204 [info] > git rev-parse --show-toplevel [2ms]
2025-10-03 17:03:10.204 [info] fatal: not a git repository (or any of the parent directories): .git
2025-10-03 17:03:10.329 [info] > git rev-parse --show-toplevel [2ms]
2025-10-03 17:03:10.329 [info] fatal: not a git repository (or any of the parent directories): .git
2025-10-03 17:03:10.624 [info] > git rev-parse --show-toplevel [2ms]
2025-10-03 17:03:10.624 [info] fatal: not a git repository (or any of the parent directories): .git
2025-10-03 17:03:10.849 [info] > git rev-parse --show-toplevel [2ms]
2025-10-03 17:03:10.849 [info] fatal: not a git repository (or any of the parent directories): .git
2025-10-03 17:03:10.970 [info] > git rev-parse --show-toplevel [1ms]
2025-10-03 17:03:10.970 [info] fatal: not a git repository (or any of the parent directories): .git
2025-10-03 17:07:34.376 [info] > git rev-parse --show-toplevel [6ms]
2025-10-03 17:07:34.376 [info] fatal: not a git repository (or any of the parent directories): .git
2025-10-03 17:27:04.958 [info] > git rev-parse --show-toplevel [2ms]
2025-10-03 17:27:04.959 [info] fatal: not a git repository (or any of the parent directories): .git
2025-10-03 17:27:05.779 [info] > git rev-parse --show-toplevel [3ms]
2025-10-03 17:27:05.779 [info] fatal: not a git repository (or any of the parent directories): .git
2025-10-03 17:27:06.608 [info] > git rev-parse --show-toplevel [1ms]
2025-10-03 17:27:06.609 [info] fatal: not a git repository (or any of the parent directories): .git
2025-10-03 17:27:35.796 [info] > git rev-parse --show-toplevel [1ms]
2025-10-03 17:27:35.796 [info] fatal: not a git repository (or any of the parent directories): .git
