2025-10-02 04:01:04.404 [info] [main] Log level: Info
2025-10-02 04:01:04.404 [info] [main] Validating found git in: "git"
2025-10-02 04:01:04.404 [info] [main] Using git "2.51.0" from "git"
2025-10-02 04:01:04.404 [info] [Model][doInitialScan] Initial repository scan started
2025-10-02 04:01:04.404 [info] > git rev-parse --show-toplevel [12ms]
2025-10-02 04:01:04.404 [info] fatal: not a git repository (or any of the parent directories): .git
2025-10-02 04:01:04.404 [info] > git rev-parse --show-toplevel [3ms]
2025-10-02 04:01:04.404 [info] fatal: not a git repository (or any of the parent directories): .git
2025-10-02 04:01:04.404 [info] > git rev-parse --show-toplevel [1ms]
2025-10-02 04:01:04.404 [info] fatal: not a git repository (or any of the parent directories): .git
2025-10-02 04:01:04.404 [info] [Model][doInitialScan] Initial repository scan completed - repositories (0), closed repositories (0), parent repositories (0), unsafe repositories (0)
2025-10-02 04:01:04.631 [info] > git rev-parse --show-toplevel [2ms]
2025-10-02 04:01:04.631 [info] fatal: not a git repository (or any of the parent directories): .git
2025-10-02 04:01:04.842 [info] > git rev-parse --show-toplevel [3ms]
2025-10-02 04:01:04.842 [info] fatal: not a git repository (or any of the parent directories): .git
2025-10-02 04:30:00.386 [info] > git rev-parse --show-toplevel [1ms]
2025-10-02 04:30:00.386 [info] fatal: not a git repository (or any of the parent directories): .git
2025-10-02 04:30:03.694 [info] > git rev-parse --show-toplevel [2ms]
2025-10-02 04:30:03.694 [info] fatal: not a git repository (or any of the parent directories): .git
2025-10-02 04:30:49.948 [info] > git rev-parse --show-toplevel [8ms]
2025-10-02 04:30:49.948 [info] fatal: not a git repository (or any of the parent directories): .git
2025-10-02 04:39:03.654 [info] > git rev-parse --show-toplevel [3ms]
2025-10-02 04:39:03.654 [info] fatal: not a git repository (or any of the parent directories): .git
2025-10-02 04:41:05.456 [info] > git rev-parse --show-toplevel [1ms]
2025-10-02 04:41:05.456 [info] fatal: not a git repository (or any of the parent directories): .git
2025-10-02 04:41:34.584 [info] > git rev-parse --show-toplevel [1ms]
2025-10-02 04:41:34.584 [info] fatal: not a git repository (or any of the parent directories): .git
2025-10-02 04:41:39.471 [info] > git rev-parse --show-toplevel [2ms]
2025-10-02 04:41:39.471 [info] fatal: not a git repository (or any of the parent directories): .git
2025-10-02 04:41:42.661 [info] > git rev-parse --show-toplevel [2ms]
2025-10-02 04:41:42.661 [info] fatal: not a git repository (or any of the parent directories): .git
2025-10-02 04:41:46.198 [info] > git rev-parse --show-toplevel [1ms]
2025-10-02 04:41:46.198 [info] fatal: not a git repository (or any of the parent directories): .git
2025-10-02 04:41:54.739 [info] > git rev-parse --show-toplevel [1ms]
2025-10-02 04:41:54.739 [info] fatal: not a git repository (or any of the parent directories): .git
2025-10-02 04:42:14.443 [info] > git rev-parse --show-toplevel [2ms]
2025-10-02 04:42:14.443 [info] fatal: not a git repository (or any of the parent directories): .git
2025-10-02 04:42:14.543 [info] > git rev-parse --show-toplevel [2ms]
2025-10-02 04:42:14.543 [info] fatal: not a git repository (or any of the parent directories): .git
2025-10-02 04:42:17.468 [info] > git rev-parse --show-toplevel [2ms]
2025-10-02 04:42:17.468 [info] fatal: not a git repository (or any of the parent directories): .git
